<?xml version="1.0" encoding="utf-8"?><testsuites name="pytest tests"><testsuite name="pytest" errors="0" failures="1" skipped="0" tests="24" time="8.583" timestamp="2026-05-12T00:25:38.896134+00:00" hostname="agent-env-94268fde-ead2-43ee-85de-c821abed6beb"><testcase classname="backend.tests.test_royal_crypto_api.TestAuth" name="test_admin_login" time="0.941" /><testcase classname="backend.tests.test_royal_crypto_api.TestAuth" name="test_user_login" time="0.326" /><testcase classname="backend.tests.test_royal_crypto_api.TestAuth" name="test_login_bad_password" time="0.522" /><testcase classname="backend.tests.test_royal_crypto_api.TestAuth" name="test_me_endpoint" time="0.397" /><testcase classname="backend.tests.test_royal_crypto_api.TestAuth" name="test_me_no_token" time="0.076" /><testcase classname="backend.tests.test_royal_crypto_api.TestAuth" name="test_register_and_logout" time="0.315"><failure message="AssertionError: assert 'test_2fe5067a@royal.com' == 'TEST_2fe5067a@royal.com'&#10;  &#10;  - TEST_2fe5067a@royal.com&#10;  ? ^^^^&#10;  + test_2fe5067a@royal.com&#10;  ? ^^^^">backend/tests/test_royal_crypto_api.py:53: in test_register_and_logout
    assert body["user"]["email"] == email
E   AssertionError: assert 'test_2fe5067a@royal.com' == 'TEST_2fe5067a@royal.com'
E     
E     - TEST_2fe5067a@royal.com
E     ? ^^^^
E     + test_2fe5067a@royal.com
E     ? ^^^^</failure></testcase><testcase classname="backend.tests.test_royal_crypto_api.TestAuth" name="test_forgot_password" time="0.096" /><testcase classname="backend.tests.test_royal_crypto_api.TestTransactionLedger" name="test_admin_balance_adjust_creates_tx" time="0.732" /><testcase classname="backend.tests.test_royal_crypto_api.TestTransactionLedger" name="test_admin_transactions_filters" time="0.088" /><testcase classname="backend.tests.test_royal_crypto_api.TestTransactionLedger" name="test_csv_export" time="0.103" /><testcase classname="backend.tests.test_royal_crypto_api.TestWithdrawalLifecycle" name="test_full_lifecycle" time="1.156" /><testcase classname="backend.tests.test_royal_crypto_api.TestWithdrawalLifecycle" name="test_reject_after_approve_refunds" time="0.651" /><testcase classname="backend.tests.test_royal_crypto_api.TestDeposits" name="test_deposit_approval_credits" time="0.364" /><testcase classname="backend.tests.test_royal_crypto_api.TestActivity" name="test_login_creates_activity" time="0.367" /><testcase classname="backend.tests.test_royal_crypto_api.TestTickets" name="test_full_ticket_flow" time="0.656" /><testcase classname="backend.tests.test_royal_crypto_api.TestLiveFeed" name="test_public_feed" time="0.089" /><testcase classname="backend.tests.test_royal_crypto_api.TestLiveFeed" name="test_admin_create_and_delete" time="0.247" /><testcase classname="backend.tests.test_royal_crypto_api.TestLiveFeed" name="test_feed_settings" time="0.138" /><testcase classname="backend.tests.test_royal_crypto_api.TestBulkTools" name="test_bulk_bonus_all" time="0.366" /><testcase classname="backend.tests.test_royal_crypto_api.TestBulkTools" name="test_bulk_commission" time="0.292" /><testcase classname="backend.tests.test_royal_crypto_api.TestNotifications" name="test_create_and_unread" time="0.297" /><testcase classname="backend.tests.test_royal_crypto_api.TestRegression" name="test_public_packages" time="0.090" /><testcase classname="backend.tests.test_royal_crypto_api.TestRegression" name="test_admin_stats" time="0.093" /><testcase classname="backend.tests.test_royal_crypto_api.TestRegression" name="test_admin_users_list" time="0.071" /></testsuite></testsuites>